TN:
SF:src\index.ts
FN:8,init
FN:21,(anonymous_10)
FNF:2
FNH:0
FNDA:0,init
FNDA:0,(anonymous_10)
DA:1,0
DA:2,0
DA:3,0
DA:4,0
DA:6,0
DA:9,0
DA:10,0
DA:12,0
DA:14,0
DA:15,0
DA:17,0
DA:21,0
DA:22,0
DA:25,0
DA:29,0
LF:15
LH:0
BRF:0
BRH:0
end_of_record
TN:
SF:src\controllers\auth.controller.ts
FN:12,(anonymous_14)
FN:30,(anonymous_16)
FN:63,(anonymous_18)
FN:90,(anonymous_20)
FNF:4
FNH:0
FNDA:0,(anonymous_14)
FNDA:0,(anonymous_16)
FNDA:0,(anonymous_18)
FNDA:0,(anonymous_20)
DA:3,0
DA:6,0
DA:7,0
DA:11,0
DA:14,0
DA:15,0
DA:16,0
DA:17,0
DA:18,0
DA:23,0
DA:24,0
DA:32,0
DA:34,0
DA:35,0
DA:43,0
DA:51,0
DA:56,0
DA:57,0
DA:65,0
DA:66,0
DA:67,0
DA:68,0
DA:69,0
DA:70,0
DA:71,0
DA:72,0
DA:78,0
DA:83,0
DA:84,0
DA:92,0
DA:93,0
DA:94,0
DA:98,0
DA:103,0
DA:104,0
DA:112,0
DA:124,0
LF:37
LH:0
BRDA:67,0,0,0
BRDA:67,0,1,0
BRDA:67,1,0,0
BRDA:67,1,1,0
BRDA:71,2,0,0
BRDA:93,3,0,0
BRDA:93,3,1,0
BRDA:93,4,0,0
BRDA:93,4,1,0
BRF:9
BRH:0
end_of_record
TN:
SF:src\controllers\categories.controller.ts
FN:14,(anonymous_7)
FN:29,(anonymous_9)
FN:44,(anonymous_11)
FN:60,(anonymous_13)
FN:76,(anonymous_15)
FNF:5
FNH:0
FNDA:0,(anonymous_7)
FNDA:0,(anonymous_9)
FNDA:0,(anonymous_11)
FNDA:0,(anonymous_13)
FNDA:0,(anonymous_15)
DA:4,0
DA:13,0
DA:15,0
DA:16,0
DA:17,0
DA:22,0
DA:23,0
DA:30,0
DA:31,0
DA:32,0
DA:37,0
DA:38,0
DA:45,0
DA:46,0
DA:48,0
DA:53,0
DA:54,0
DA:61,0
DA:62,0
DA:64,0
DA:69,0
DA:70,0
DA:77,0
DA:78,0
DA:80,0
DA:85,0
DA:86,0
LF:27
LH:0
BRDA:46,0,0,0
BRDA:46,0,1,0
BRDA:46,1,0,0
BRDA:46,1,1,0
BRDA:62,2,0,0
BRDA:62,2,1,0
BRDA:62,3,0,0
BRDA:62,3,1,0
BRDA:78,4,0,0
BRDA:78,4,1,0
BRDA:78,5,0,0
BRDA:78,5,1,0
BRF:12
BRH:0
end_of_record
TN:
SF:src\controllers\products.controller.ts
FN:16,(anonymous_7)
FN:31,(anonymous_9)
FN:46,(anonymous_11)
FN:62,(anonymous_13)
FN:78,(anonymous_15)
FNF:5
FNH:0
FNDA:0,(anonymous_7)
FNDA:0,(anonymous_9)
FNDA:0,(anonymous_11)
FNDA:0,(anonymous_13)
FNDA:0,(anonymous_15)
DA:6,0
DA:15,0
DA:17,0
DA:18,0
DA:19,0
DA:24,0
DA:25,0
DA:32,0
DA:33,0
DA:34,0
DA:39,0
DA:40,0
DA:47,0
DA:48,0
DA:50,0
DA:55,0
DA:56,0
DA:63,0
DA:64,0
DA:66,0
DA:71,0
DA:72,0
DA:79,0
DA:80,0
DA:82,0
DA:87,0
DA:88,0
LF:27
LH:0
BRDA:48,0,0,0
BRDA:48,0,1,0
BRDA:48,1,0,0
BRDA:48,1,1,0
BRDA:64,2,0,0
BRDA:64,2,1,0
BRDA:64,3,0,0
BRDA:64,3,1,0
BRDA:80,4,0,0
BRDA:80,4,1,0
BRDA:80,5,0,0
BRDA:80,5,1,0
BRF:12
BRH:0
end_of_record
TN:
SF:src\controllers\upload.controller.ts
FN:6,(anonymous_7)
FN:25,(anonymous_9)
FN:35,(anonymous_11)
FNF:3
FNH:0
FNDA:0,(anonymous_7)
FNDA:0,(anonymous_9)
FNDA:0,(anonymous_11)
DA:2,0
DA:3,0
DA:5,0
DA:7,0
DA:8,0
DA:13,0
DA:15,0
DA:16,0
DA:17,0
DA:19,0
DA:20,0
DA:26,0
DA:27,0
DA:32,0
DA:34,0
DA:35,0
DA:38,0
DA:39,0
DA:40,0
DA:42,0
DA:43,0
DA:48,0
LF:22
LH:0
BRDA:7,0,0,0
BRDA:7,1,0,0
BRDA:7,1,1,0
BRDA:7,2,0,0
BRDA:7,2,1,0
BRDA:26,3,0,0
BRDA:26,4,0,0
BRDA:26,4,1,0
BRDA:26,5,0,0
BRDA:26,5,1,0
BRDA:26,6,0,0
BRDA:26,6,1,0
BRDA:34,7,0,0
BRDA:34,7,1,0
BRDA:34,8,0,0
BRDA:34,8,1,0
BRF:16
BRH:0
end_of_record
TN:
SF:src\middlewares\auth.middleware.ts
FN:8,(anonymous_0)
FNF:1
FNH:0
FNDA:0,(anonymous_0)
DA:2,0
DA:8,0
DA:9,0
DA:10,0
DA:11,0
DA:12,0
DA:18,0
DA:20,0
DA:21,0
DA:27,0
DA:29,0
DA:30,0
DA:36,0
DA:38,0
LF:14
LH:0
BRDA:9,0,0,0
BRDA:9,0,1,0
BRDA:9,1,0,0
BRDA:9,1,1,0
BRDA:11,2,0,0
BRDA:20,3,0,0
BRDA:20,4,0,0
BRDA:20,4,1,0
BRDA:29,5,0,0
BRF:9
BRH:0
end_of_record
TN:
SF:src\middlewares\rbac.middleware.ts
FN:4,(anonymous_0)
FN:5,(anonymous_1)
FN:8,(anonymous_2)
FNF:3
FNH:0
FNDA:0,(anonymous_0)
FNDA:0,(anonymous_1)
FNDA:0,(anonymous_2)
DA:4,0
DA:5,0
DA:6,0
DA:8,0
DA:9,0
DA:14,0
LF:6
LH:0
BRDA:6,0,0,0
BRDA:6,0,1,0
BRDA:6,1,0,0
BRDA:6,1,1,0
BRDA:8,2,0,0
BRDA:8,3,0,0
BRDA:8,3,1,0
BRF:7
BRH:0
end_of_record
TN:
SF:src\middlewares\upload.middleware.ts
FNF:0
FNH:0
DA:1,0
DA:3,0
DA:5,0
DA:12,0
DA:13,0
DA:15,0
LF:6
LH:0
BRF:0
BRH:0
end_of_record
TN:
SF:src\models\categories.model.ts
FNF:0
FNH:0
DA:4,1
DA:13,1
DA:15,1
DA:27,1
DA:29,1
LF:5
LH:5
BRF:0
BRH:0
end_of_record
TN:
SF:src\models\products.model.ts
FNF:0
FNH:0
DA:1,1
DA:15,1
DA:17,1
DA:50,1
DA:52,1
LF:5
LH:5
BRF:0
BRH:0
end_of_record
TN:
SF:src\models\user.model.ts
FN:51,(anonymous_8)
FN:57,(anonymous_9)
FN:63,(anonymous_11)
FNF:3
FNH:0
FNDA:0,(anonymous_8)
FNDA:0,(anonymous_9)
FNDA:0,(anonymous_11)
DA:1,0
DA:2,0
DA:14,0
DA:16,0
DA:51,0
DA:52,0
DA:53,0
DA:54,0
DA:57,0
DA:58,0
DA:59,0
DA:60,0
DA:63,0
DA:64,0
DA:65,0
DA:66,0
DA:69,0
DA:71,0
LF:18
LH:0
BRF:0
BRH:0
end_of_record
TN:
SF:src\routes\api.ts
FNF:0
FNH:0
DA:1,0
DA:3,0
DA:4,0
DA:5,0
DA:6,0
DA:7,0
DA:8,0
DA:9,0
DA:11,0
DA:14,0
DA:15,0
DA:17,0
DA:22,0
DA:25,0
DA:26,0
DA:27,0
DA:28,0
DA:29,0
DA:33,0
DA:34,0
DA:35,0
DA:36,0
DA:37,0
DA:39,0
DA:40,0
DA:42,0
LF:26
LH:0
BRF:0
BRH:0
end_of_record
TN:
SF:src\services\auth.service.ts
FN:11,(anonymous_8)
FN:11,(anonymous_9)
FN:41,(anonymous_10)
FN:41,(anonymous_11)
FN:54,(anonymous_12)
FN:54,(anonymous_13)
FN:61,(anonymous_14)
FN:61,(anonymous_15)
FNF:8
FNH:0
FNDA:0,(anonymous_8)
FNDA:0,(anonymous_9)
FNDA:0,(anonymous_10)
FNDA:0,(anonymous_11)
FNDA:0,(anonymous_12)
FNDA:0,(anonymous_13)
FNDA:0,(anonymous_14)
FNDA:0,(anonymous_15)
DA:2,0
DA:3,0
DA:4,0
DA:11,0
DA:12,0
DA:13,0
DA:17,0
DA:18,0
DA:20,0
DA:22,0
DA:23,0
DA:26,0
DA:31,0
DA:41,0
DA:42,0
DA:43,0
DA:51,0
DA:54,0
DA:55,0
DA:56,0
DA:57,0
DA:59,0
DA:61,0
DA:62,0
DA:71,0
DA:72,0
DA:74,0
LF:27
LH:0
BRDA:17,0,0,0
BRDA:22,1,0,0
BRDA:56,2,0,0
BRDA:71,3,0,0
BRF:4
BRH:0
end_of_record
TN:
SF:src\services\category.service.ts
FN:7,(anonymous_8)
FN:7,(anonymous_9)
FN:11,(anonymous_10)
FN:11,(anonymous_11)
FN:15,(anonymous_12)
FN:15,(anonymous_13)
FN:19,(anonymous_14)
FN:22,(anonymous_15)
FN:28,(anonymous_16)
FN:28,(anonymous_17)
FNF:10
FNH:10
FNDA:1,(anonymous_8)
FNDA:1,(anonymous_9)
FNDA:1,(anonymous_10)
FNDA:1,(anonymous_11)
FNDA:1,(anonymous_12)
FNDA:1,(anonymous_13)
FNDA:1,(anonymous_14)
FNDA:1,(anonymous_15)
FNDA:1,(anonymous_16)
FNDA:1,(anonymous_17)
DA:5,1
DA:7,1
DA:8,1
DA:9,1
DA:11,1
DA:12,1
DA:13,1
DA:15,1
DA:16,1
DA:17,1
DA:19,1
DA:22,1
DA:23,1
DA:26,1
DA:28,1
DA:29,1
DA:32,1
LF:17
LH:17
BRF:0
BRH:0
end_of_record
TN:
SF:src\services\product.service.ts
FN:7,(anonymous_8)
FN:7,(anonymous_9)
FN:11,(anonymous_10)
FN:11,(anonymous_11)
FN:15,(anonymous_12)
FN:15,(anonymous_13)
FN:19,(anonymous_14)
FN:22,(anonymous_15)
FN:28,(anonymous_16)
FN:28,(anonymous_17)
FNF:10
FNH:10
FNDA:1,(anonymous_8)
FNDA:1,(anonymous_9)
FNDA:1,(anonymous_10)
FNDA:1,(anonymous_11)
FNDA:1,(anonymous_12)
FNDA:1,(anonymous_13)
FNDA:1,(anonymous_14)
FNDA:1,(anonymous_15)
FNDA:1,(anonymous_16)
FNDA:1,(anonymous_17)
DA:5,1
DA:7,1
DA:8,1
DA:9,1
DA:11,1
DA:12,1
DA:13,1
DA:15,1
DA:16,1
DA:17,1
DA:19,1
DA:22,1
DA:23,1
DA:26,1
DA:28,1
DA:29,1
DA:32,1
LF:17
LH:17
BRF:0
BRH:0
end_of_record
TN:
SF:src\utils\cloudinary.ts
FN:14,(anonymous_7)
FN:14,(anonymous_8)
FN:15,(anonymous_9)
FN:21,(anonymous_10)
FNF:4
FNH:0
FNDA:0,(anonymous_7)
FNDA:0,(anonymous_8)
FNDA:0,(anonymous_9)
FNDA:0,(anonymous_10)
DA:1,0
DA:2,0
DA:8,0
DA:14,0
DA:15,0
DA:16,0
DA:22,0
DA:23,0
DA:25,0
DA:32,0
LF:10
LH:0
BRDA:22,0,0,0
BRDA:22,0,1,0
BRF:2
BRH:0
end_of_record
TN:
SF:src\utils\database.ts
FN:7,(anonymous_8)
FN:7,(anonymous_9)
FNF:2
FNH:0
FNDA:0,(anonymous_8)
FNDA:0,(anonymous_9)
DA:4,0
DA:5,0
DA:7,0
DA:8,0
DA:9,0
DA:12,0
DA:14,0
DA:18,0
LF:8
LH:0
BRF:0
BRH:0
end_of_record
TN:
SF:src\utils\encode.ts
FN:1,(anonymous_0)
FNF:1
FNH:0
FNDA:0,(anonymous_0)
DA:1,0
DA:2,0
DA:3,0
DA:4,0
LF:4
LH:0
BRF:0
BRH:0
end_of_record
TN:
SF:src\utils\encryption.ts
FN:4,(anonymous_1)
FNF:1
FNH:0
FNDA:0,(anonymous_1)
DA:1,0
DA:2,0
DA:4,0
DA:5,0
DA:8,0
LF:5
LH:0
BRF:0
BRH:0
end_of_record
TN:
SF:src\utils\env.ts
FNF:0
FNH:0
DA:1,0
DA:3,0
DA:5,0
DA:6,0
DA:8,0
DA:10,0
DA:11,0
LF:7
LH:0
BRDA:5,0,0,0
BRDA:5,0,1,0
BRDA:7,1,0,0
BRDA:7,1,1,0
BRDA:9,2,0,0
BRDA:9,2,1,0
BRDA:10,3,0,0
BRDA:10,3,1,0
BRDA:11,4,0,0
BRDA:11,4,1,0
BRF:10
BRH:0
end_of_record
TN:
SF:src\utils\jwt.ts
FN:20,(anonymous_1)
FN:26,(anonymous_2)
FNF:2
FNH:0
FNDA:0,(anonymous_1)
FNDA:0,(anonymous_2)
DA:3,0
DA:4,0
DA:20,0
DA:21,0
DA:24,0
DA:26,0
DA:27,0
DA:28,0
LF:8
LH:0
BRF:0
BRH:0
end_of_record
